This file contains any messages produced by compilers while
running configure, to aid debugging if configure makes a mistake.

It was created by RBerkeley configure 0.7-0, which was
generated by GNU Autoconf 2.63.  Invocation command line was

  $ ./configure 

## --------- ##
## Platform. ##
## --------- ##

hostname = penny-one.local
uname -m = x86_64
uname -r = 14.4.0
uname -s = Darwin
uname -v = Darwin Kernel Version 14.4.0: Thu May 28 11:35:04 PDT 2015; root:xnu-2782.30.5~1/RELEASE_X86_64

/usr/bin/uname -p = i386
/bin/uname -X     = unknown

/bin/arch              = unknown
/usr/bin/arch -k       = unknown
/usr/convex/getsysinfo = unknown
/usr/bin/hostinfo      = Mach kernel version:
	 Darwin Kernel Version 14.4.0: Thu May 28 11:35:04 PDT 2015; root:xnu-2782.30.5~1/RELEASE_X86_64
Kernel configured for up to 4 processors.
2 processors are physically available.
4 processors are logically available.
Processor type: x86_64h (Intel x86-64h Haswell)
Processors active: 0 1 2 3
Primary memory available: 16.00 gigabytes
Default processor set: 322 tasks, 1743 threads, 4 processors
Load average: 2.80, Mach factor: 1.21
/bin/machine           = unknown
/usr/bin/oslevel       = unknown
/bin/universe          = unknown

PATH: /usr/bin
PATH: /bin
PATH: /usr/sbin
PATH: /sbin
PATH: /usr/local/bin
PATH: /opt/X11/bin
PATH: /Applications/domino
PATH: /usr/local/MacGPG2/bin
PATH: /usr/texbin


## ----------- ##
## Core tests. ##
## ----------- ##

configure:1834: checking for gcc
configure:1850: found /usr/bin/gcc
configure:1861: result: gcc
configure:2093: checking for C compiler version
configure:2101: gcc --version >&5
Configured with: --prefix=/Applications/Xcode.app/Contents/Developer/usr --with-gxx-include-dir=/usr/include/c++/4.2.1
Apple LLVM version 6.1.0 (clang-602.0.53) (based on LLVM 3.6.0svn)
Target: x86_64-apple-darwin14.4.0
Thread model: posix
configure:2105: $? = 0
configure:2112: gcc -v >&5
Configured with: --prefix=/Applications/Xcode.app/Contents/Developer/usr --with-gxx-include-dir=/usr/include/c++/4.2.1
Apple LLVM version 6.1.0 (clang-602.0.53) (based on LLVM 3.6.0svn)
Target: x86_64-apple-darwin14.4.0
Thread model: posix
configure:2116: $? = 0
configure:2123: gcc -V >&5
clang: error: argument to '-V' is missing (expected 1 value)
clang: error: no input files
configure:2127: $? = 1
configure:2150: checking for C compiler default output file name
configure:2172: gcc -UNDEBUG -Wall -pedantic -g -O0   conftest.c  >&5
configure:2176: $? = 0
configure:2214: result: a.out
configure:2233: checking whether the C compiler works
configure:2243: ./a.out
configure:2247: $? = 0
configure:2266: result: yes
configure:2273: checking whether we are cross compiling
configure:2275: result: no
configure:2278: checking for suffix of executables
configure:2285: gcc -o conftest -UNDEBUG -Wall -pedantic -g -O0   conftest.c  >&5
configure:2289: $? = 0
configure:2315: result: 
configure:2321: checking for suffix of object files
configure:2347: gcc -c -UNDEBUG -Wall -pedantic -g -O0  conftest.c >&5
configure:2351: $? = 0
configure:2376: result: o
configure:2380: checking whether we are using the GNU C compiler
configure:2409: gcc -c -UNDEBUG -Wall -pedantic -g -O0  conftest.c >&5
configure:2416: $? = 0
configure:2433: result: yes
configure:2442: checking whether gcc accepts -g
configure:2472: gcc -c -g  conftest.c >&5
configure:2479: $? = 0
configure:2580: result: yes
configure:2597: checking for gcc option to accept ISO C89
configure:2671: gcc  -c -UNDEBUG -Wall -pedantic -g -O0  conftest.c >&5
configure:2678: $? = 0
configure:2701: result: none needed
configure:2721: checking for getopt_long in -lc
configure:2756: gcc -o conftest -UNDEBUG -Wall -pedantic -g -O0   conftest.c -lc   >&5
configure:2763: $? = 0
configure:2784: result: yes
configure:2793: checking for HAVE_BDB_LIB="yes" in -ldb
configure:2828: gcc -o conftest -UNDEBUG -Wall -pedantic -g -O0   conftest.c -ldb   >&5
conftest.c:15:25: error: called object type 'char [4]' is not a function or function pointer
char HAVE_BDB_LIB="yes" ();
                  ~~~~~ ^
conftest.c:19:27: error: called object type 'char [4]' is not a function or function pointer
return HAVE_BDB_LIB="yes" ();
                    ~~~~~ ^
2 errors generated.
configure:2835: $? = 1
configure: failed program was:
| /* confdefs.h.  */
| #define PACKAGE_NAME "RBerkeley"
| #define PACKAGE_TARNAME "rberkeley"
| #define PACKAGE_VERSION "0.7-0"
| #define PACKAGE_STRING "RBerkeley 0.7-0"
| #define PACKAGE_BUGREPORT ""
| /* end confdefs.h.  */
| 
| /* Override any GCC internal prototype to avoid an error.
|    Use char because int might match the return type of a GCC
|    builtin and then its argument prototype would still apply.  */
| #ifdef __cplusplus
| extern "C"
| #endif
| char HAVE_BDB_LIB="yes" ();
| int
| main ()
| {
| return HAVE_BDB_LIB="yes" ();
|   ;
|   return 0;
| }
configure:2856: result: no
configure:2868: checking how to run the C preprocessor
configure:2908: gcc -E  conftest.c
configure:2915: $? = 0
configure:2946: gcc -E  conftest.c
conftest.c:8:10: fatal error: 'ac_nonexistent.h' file not found
#include <ac_nonexistent.h>
         ^
1 error generated.
configure:2953: $? = 1
configure: failed program was:
| /* confdefs.h.  */
| #define PACKAGE_NAME "RBerkeley"
| #define PACKAGE_TARNAME "rberkeley"
| #define PACKAGE_VERSION "0.7-0"
| #define PACKAGE_STRING "RBerkeley 0.7-0"
| #define PACKAGE_BUGREPORT ""
| /* end confdefs.h.  */
| #include <ac_nonexistent.h>
configure:2986: result: gcc -E
configure:3015: gcc -E  conftest.c
configure:3022: $? = 0
configure:3053: gcc -E  conftest.c
conftest.c:8:10: fatal error: 'ac_nonexistent.h' file not found
#include <ac_nonexistent.h>
         ^
1 error generated.
configure:3060: $? = 1
configure: failed program was:
| /* confdefs.h.  */
| #define PACKAGE_NAME "RBerkeley"
| #define PACKAGE_TARNAME "rberkeley"
| #define PACKAGE_VERSION "0.7-0"
| #define PACKAGE_STRING "RBerkeley 0.7-0"
| #define PACKAGE_BUGREPORT ""
| /* end confdefs.h.  */
| #include <ac_nonexistent.h>
configure:3100: checking for grep that handles long lines and -e
configure:3160: result: /usr/bin/grep
configure:3165: checking for egrep
configure:3229: result: /usr/bin/grep -E
configure:3234: checking for ANSI C header files
configure:3264: gcc -c -UNDEBUG -Wall -pedantic -g -O0  conftest.c >&5
configure:3271: $? = 0
configure:3370: gcc -o conftest -UNDEBUG -Wall -pedantic -g -O0   conftest.c  >&5
configure:3374: $? = 0
configure:3380: ./conftest
configure:3384: $? = 0
configure:3402: result: yes
configure:3426: checking for sys/types.h
configure:3447: gcc -c -UNDEBUG -Wall -pedantic -g -O0  conftest.c >&5
configure:3454: $? = 0
configure:3471: result: yes
configure:3426: checking for sys/stat.h
configure:3447: gcc -c -UNDEBUG -Wall -pedantic -g -O0  conftest.c >&5
configure:3454: $? = 0
configure:3471: result: yes
configure:3426: checking for stdlib.h
configure:3447: gcc -c -UNDEBUG -Wall -pedantic -g -O0  conftest.c >&5
configure:3454: $? = 0
configure:3471: result: yes
configure:3426: checking for string.h
configure:3447: gcc -c -UNDEBUG -Wall -pedantic -g -O0  conftest.c >&5
configure:3454: $? = 0
configure:3471: result: yes
configure:3426: checking for memory.h
configure:3447: gcc -c -UNDEBUG -Wall -pedantic -g -O0  conftest.c >&5
configure:3454: $? = 0
configure:3471: result: yes
configure:3426: checking for strings.h
configure:3447: gcc -c -UNDEBUG -Wall -pedantic -g -O0  conftest.c >&5
configure:3454: $? = 0
configure:3471: result: yes
configure:3426: checking for inttypes.h
configure:3447: gcc -c -UNDEBUG -Wall -pedantic -g -O0  conftest.c >&5
configure:3454: $? = 0
configure:3471: result: yes
configure:3426: checking for stdint.h
configure:3447: gcc -c -UNDEBUG -Wall -pedantic -g -O0  conftest.c >&5
configure:3454: $? = 0
configure:3471: result: yes
configure:3426: checking for unistd.h
configure:3447: gcc -c -UNDEBUG -Wall -pedantic -g -O0  conftest.c >&5
configure:3454: $? = 0
configure:3471: result: yes
configure:3501: checking db.h usability
configure:3518: gcc -c -UNDEBUG -Wall -pedantic -g -O0  conftest.c >&5
configure:3525: $? = 0
configure:3539: result: yes
configure:3543: checking db.h presence
configure:3558: gcc -E  conftest.c
configure:3565: $? = 0
configure:3579: result: yes
configure:3607: checking for db.h
configure:3616: result: yes
configure:3701: checking for db_version in -ldb
configure:3736: gcc -o conftest -UNDEBUG -Wall -pedantic -g -O0   conftest.c -ldb -L/usr/local/lib64  >&5
ld: warning: directory not found for option '-L/usr/local/lib64'
configure:3743: $? = 0
configure:3764: result: yes
configure:4076: creating ./config.status

## ---------------------- ##
## Running config.status. ##
## ---------------------- ##

This file was extended by RBerkeley config.status 0.7-0, which was
generated by GNU Autoconf 2.63.  Invocation command line was

  CONFIG_FILES    = 
  CONFIG_HEADERS  = 
  CONFIG_LINKS    = 
  CONFIG_COMMANDS = 
  $ ./config.status 

on penny-one.local

config.status:647: creating src/Makevars

## ---------------- ##
## Cache variables. ##
## ---------------- ##

ac_cv_c_compiler_gnu=yes
ac_cv_env_CC_set=
ac_cv_env_CC_value=
ac_cv_env_CFLAGS_set=set
ac_cv_env_CFLAGS_value='-UNDEBUG -Wall -pedantic -g -O0'
ac_cv_env_CPPFLAGS_set=
ac_cv_env_CPPFLAGS_value=
ac_cv_env_CPP_set=
ac_cv_env_CPP_value=
ac_cv_env_LDFLAGS_set=
ac_cv_env_LDFLAGS_value=
ac_cv_env_LIBS_set=
ac_cv_env_LIBS_value=
ac_cv_env_build_alias_set=
ac_cv_env_build_alias_value=
ac_cv_env_host_alias_set=
ac_cv_env_host_alias_value=
ac_cv_env_target_alias_set=
ac_cv_env_target_alias_value=
ac_cv_header_db_h=yes
ac_cv_header_inttypes_h=yes
ac_cv_header_memory_h=yes
ac_cv_header_stdc=yes
ac_cv_header_stdint_h=yes
ac_cv_header_stdlib_h=yes
ac_cv_header_string_h=yes
ac_cv_header_strings_h=yes
ac_cv_header_sys_stat_h=yes
ac_cv_header_sys_types_h=yes
ac_cv_header_unistd_h=yes
ac_cv_lib_c_getopt_long=yes
ac_cv_lib_db_HAVE_BDB_LIB__yes_=no
ac_cv_lib_db_db_version=yes
ac_cv_objext=o
ac_cv_path_EGREP='/usr/bin/grep -E'
ac_cv_path_GREP=/usr/bin/grep
ac_cv_prog_CPP='gcc -E'
ac_cv_prog_ac_ct_CC=gcc
ac_cv_prog_cc_c89=
ac_cv_prog_cc_g=yes

## ----------------- ##
## Output variables. ##
## ----------------- ##

CC='gcc'
CFLAGS='-UNDEBUG -Wall -pedantic -g -O0'
CPP='gcc -E'
CPPFLAGS=''
DEFS='-DPACKAGE_NAME=\"RBerkeley\" -DPACKAGE_TARNAME=\"rberkeley\" -DPACKAGE_VERSION=\"0.7-0\" -DPACKAGE_STRING=\"RBerkeley\ 0.7-0\" -DPACKAGE_BUGREPORT=\"\" -DSTDC_HEADERS=1 -DHAVE_SYS_TYPES_H=1 -DHAVE_SYS_STAT_H=1 -DHAVE_STDLIB_H=1 -DHAVE_STRING_H=1 -DHAVE_MEMORY_H=1 -DHAVE_STRINGS_H=1 -DHAVE_INTTYPES_H=1 -DHAVE_STDINT_H=1 -DHAVE_UNISTD_H=1 -DHAVE_DB_H=1'
ECHO_C='\c'
ECHO_N=''
ECHO_T=''
EGREP='/usr/bin/grep -E'
EXEEXT=''
GREP='/usr/bin/grep'
LDFLAGS=''
LIBOBJS=''
LIBS=''
LTLIBOBJS=''
OBJEXT='o'
PACKAGE_BUGREPORT=''
PACKAGE_NAME='RBerkeley'
PACKAGE_STRING='RBerkeley 0.7-0'
PACKAGE_TARNAME='rberkeley'
PACKAGE_VERSION='0.7-0'
PATH_SEPARATOR=':'
PKG_CPPFLAGS=''
PKG_LIBS='-L/usr/local/lib64 -ldb'
SHELL='/bin/sh'
ac_ct_CC='gcc'
bindir='${exec_prefix}/bin'
build_alias=''
datadir='${datarootdir}'
datarootdir='${prefix}/share'
docdir='${datarootdir}/doc/${PACKAGE_TARNAME}'
dvidir='${docdir}'
exec_prefix='${prefix}'
host_alias=''
htmldir='${docdir}'
includedir='${prefix}/include'
infodir='${datarootdir}/info'
libdir='${exec_prefix}/lib'
libexecdir='${exec_prefix}/libexec'
localedir='${datarootdir}/locale'
localstatedir='${prefix}/var'
mandir='${datarootdir}/man'
oldincludedir='/usr/include'
pdfdir='${docdir}'
prefix='/usr/local'
program_transform_name='s,x,x,'
psdir='${docdir}'
sbindir='${exec_prefix}/sbin'
sharedstatedir='${prefix}/com'
sysconfdir='${prefix}/etc'
target_alias=''

## ----------- ##
## confdefs.h. ##
## ----------- ##

#define PACKAGE_NAME "RBerkeley"
#define PACKAGE_TARNAME "rberkeley"
#define PACKAGE_VERSION "0.7-0"
#define PACKAGE_STRING "RBerkeley 0.7-0"
#define PACKAGE_BUGREPORT ""
#define STDC_HEADERS 1
#define HAVE_SYS_TYPES_H 1
#define HAVE_SYS_STAT_H 1
#define HAVE_STDLIB_H 1
#define HAVE_STRING_H 1
#define HAVE_MEMORY_H 1
#define HAVE_STRINGS_H 1
#define HAVE_INTTYPES_H 1
#define HAVE_STDINT_H 1
#define HAVE_UNISTD_H 1
#define HAVE_DB_H 1

configure: exit 0
